Mitra Tani/app/build/intermediates/manifest_merge_blame_file/debug/manifest-merger-blame-debug-report.txt
1<?xml version="1.0" encoding="utf-8"?>
2<manifest xmlns:android="http://schemas.android.com/apk/res/android"
3    package="com.themescoder.androidstore"
4    android:versionCode="3"
5    android:versionName="4.0.14" >
6
7    <uses-sdk
7-->src\main\AndroidManifest.xml:24:5-25:107
8        android:minSdkVersion="21"
8-->src\main\AndroidManifest.xml:24:5-25:107
9        android:targetSdkVersion="29" />
9-->src\main\AndroidManifest.xml:24:5-25:107
10
11    <uses-permission android:name="android.permission.CAMERA" />
11-->src\main\AndroidManifest.xml:6:5-65
11-->src\main\AndroidManifest.xml:6:22-62
12    <uses-permission android:name="android.permission.INTERNET" />
12-->src\main\AndroidManifest.xml:7:5-67
12-->src\main\AndroidManifest.xml:7:22-64
13    <!--
14    <uses-permission android:name="android.permission.READ_SMS" />
15    <uses-permission android:name="android.permission.RECEIVE_SMS" />
16    -->
17    <uses-permission android:name="android.permission.ACCESS_WIFI_STATE" />
17-->src\main\AndroidManifest.xml:10:5-76
17-->src\main\AndroidManifest.xml:10:22-73
18    <uses-permission android:name="android.permission.ACCESS_NETWORK_STATE" />
18-->src\main\AndroidManifest.xml:11:5-79
18-->src\main\AndroidManifest.xml:11:22-76
19    <uses-permission android:name="android.permission.READ_EXTERNAL_STORAGE" />
19-->src\main\AndroidManifest.xml:12:5-80
19-->src\main\AndroidManifest.xml:12:22-77
20    <uses-permission android:name="android.permission.WRITE_EXTERNAL_STORAGE" />
20-->src\main\AndroidManifest.xml:13:5-81
20-->src\main\AndroidManifest.xml:13:22-78
21    <uses-permission android:name="android.permission.READ_PHONE_STATE" />
21-->src\main\AndroidManifest.xml:14:5-75
21-->src\main\AndroidManifest.xml:14:22-72
22    <uses-permission android:name="android.permission.SYSTEM_ALERT_WINDOW" />
22-->src\main\AndroidManifest.xml:15:5-78
22-->src\main\AndroidManifest.xml:15:22-75
23    <uses-permission android:name="android.permission.ACCESS_FINE_LOCATION" />
23-->src\main\AndroidManifest.xml:16:5-79
23-->src\main\AndroidManifest.xml:16:22-76
24    <uses-permission android:name="android.permission.ACCESS_COARSE_LOCATION" />
24-->src\main\AndroidManifest.xml:17:5-81
24-->src\main\AndroidManifest.xml:17:22-78
25    <!-- Needed only if your app targets Android 5.0 (API level 21) or higher. -->
26    <uses-feature android:name="android.hardware.location.gps" />
26-->src\main\AndroidManifest.xml:19:5-66
26-->src\main\AndroidManifest.xml:19:19-63
27
28    <uses-permission android:name="android.permission.RECEIVE_BOOT_COMPLETED" />
28-->src\main\AndroidManifest.xml:20:5-81
28-->src\main\AndroidManifest.xml:20:22-78
29    <uses-permission android:name="android.permission.WRITE_SETTINGS" />
29-->src\main\AndroidManifest.xml:21:5-22:47
29-->src\main\AndroidManifest.xml:21:22-70
30
31    <!-- Require below permissions for reading sms and otp assist feature -->
32    <!--
33    <uses-permission android:name="android.permission.READ_SMS" />
34    <uses-permission android:name="android.permission.READ_PHONE_STATE" />
35    -->
36    <uses-feature
36-->[com.payumoney.core:payumoney-sdk:7.6.0] AndroidManifest.xml:24:5-26:36
37        android:name="android.hardware.telephony"
37-->[com.payumoney.core:payumoney-sdk:7.6.0] AndroidManifest.xml:25:9-50
38        android:required="false" /> <!-- Create a unique permission for your app and use it so only your app can receive your OneSignal messages. -->
38-->[com.payumoney.core:payumoney-sdk:7.6.0] AndroidManifest.xml:26:9-33
39    <permission
39-->[com.onesignal:OneSignal:3.9.1] AndroidManifest.xml:8:5-10:47
40        android:name="com.themescoder.androidstore.permission.C2D_MESSAGE"
40-->[com.onesignal:OneSignal:3.9.1] AndroidManifest.xml:9:9-63
41        android:protectionLevel="signature" />
41-->[com.onesignal:OneSignal:3.9.1] AndroidManifest.xml:10:9-44
42
43    <uses-permission android:name="com.themescoder.androidstore.permission.C2D_MESSAGE" />
43-->[com.onesignal:OneSignal:3.9.1] AndroidManifest.xml:12:5-79
43-->[com.onesignal:OneSignal:3.9.1] AndroidManifest.xml:12:22-76
44    <uses-permission android:name="com.google.android.c2dm.permission.RECEIVE" /> <!-- Required, makes sure notifications are delivered on time. -->
44-->[com.onesignal:OneSignal:3.9.1] AndroidManifest.xml:18:5-82
44-->[com.onesignal:OneSignal:3.9.1] AndroidManifest.xml:18:22-79
45    <uses-permission android:name="android.permission.WAKE_LOCK" />
45-->[com.onesignal:OneSignal:3.9.1] AndroidManifest.xml:19:5-68
45-->[com.onesignal:OneSignal:3.9.1] AndroidManifest.xml:19:22-65
46    <!--
47 Required so the device vibrates on receiving a push notification.
48         Vibration settings of the device still apply.
49    -->
50    <uses-permission android:name="android.permission.VIBRATE" /> <!-- START: ShortcutBadger -->
50-->[com.onesignal:OneSignal:3.9.1] AndroidManifest.xml:24:5-66
50-->[com.onesignal:OneSignal:3.9.1] AndroidManifest.xml:24:22-63
51    <!-- Samsung -->
52    <uses-permission android:name="com.sec.android.provider.badge.permission.READ" />
52-->[com.onesignal:OneSignal:3.9.1] AndroidManifest.xml:32:5-86
52-->[com.onesignal:OneSignal:3.9.1] AndroidManifest.xml:32:22-83
53    <uses-permission android:name="com.sec.android.provider.badge.permission.WRITE" /> <!-- HTC -->
53-->[com.onesignal:OneSignal:3.9.1] AndroidManifest.xml:33:5-87
53-->[com.onesignal:OneSignal:3.9.1] AndroidManifest.xml:33:22-84
54    <uses-permission android:name="com.htc.launcher.permission.READ_SETTINGS" />
54-->[com.onesignal:OneSignal:3.9.1] AndroidManifest.xml:34:5-81
54-->[com.onesignal:OneSignal:3.9.1] AndroidManifest.xml:34:22-78
55    <uses-permission android:name="com.htc.launcher.permission.UPDATE_SHORTCUT" /> <!-- Sony -->
55-->[com.onesignal:OneSignal:3.9.1] AndroidManifest.xml:35:5-83
55-->[com.onesignal:OneSignal:3.9.1] AndroidManifest.xml:35:22-80
56    <uses-permission android:name="com.sonyericsson.home.permission.BROADCAST_BADGE" />
56-->[com.onesignal:OneSignal:3.9.1] AndroidManifest.xml:36:5-88
56-->[com.onesignal:OneSignal:3.9.1] AndroidManifest.xml:36:22-85
57    <uses-permission android:name="com.sonymobile.home.permission.PROVIDER_INSERT_BADGE" /> <!-- Apex -->
57-->[com.onesignal:OneSignal:3.9.1] AndroidManifest.xml:37:5-92
57-->[com.onesignal:OneSignal:3.9.1] AndroidManifest.xml:37:22-89
58    <uses-permission android:name="com.anddoes.launcher.permission.UPDATE_COUNT" /> <!-- Solid -->
58-->[com.onesignal:OneSignal:3.9.1] AndroidManifest.xml:38:5-84
58-->[com.onesignal:OneSignal:3.9.1] AndroidManifest.xml:38:22-81
59    <uses-permission android:name="com.majeur.launcher.permission.UPDATE_BADGE" /> <!-- Huawei -->
59-->[com.onesignal:OneSignal:3.9.1] AndroidManifest.xml:39:5-83
59-->[com.onesignal:OneSignal:3.9.1] AndroidManifest.xml:39:22-80
60    <uses-permission android:name="com.huawei.android.launcher.permission.CHANGE_BADGE" />
60-->[com.onesignal:OneSignal:3.9.1] AndroidManifest.xml:40:5-91
60-->[com.onesignal:OneSignal:3.9.1] AndroidManifest.xml:40:22-88
61    <uses-permission android:name="com.huawei.android.launcher.permission.READ_SETTINGS" />
61-->[com.onesignal:OneSignal:3.9.1] AndroidManifest.xml:41:5-92
61-->[com.onesignal:OneSignal:3.9.1] AndroidManifest.xml:41:22-89
62    <uses-permission android:name="com.huawei.android.launcher.permission.WRITE_SETTINGS" /> <!-- ZUK -->
62-->[com.onesignal:OneSignal:3.9.1] AndroidManifest.xml:42:5-93
62-->[com.onesignal:OneSignal:3.9.1] AndroidManifest.xml:42:22-90
63    <uses-permission android:name="android.permission.READ_APP_BADGE" /> <!-- OPPO -->
63-->[com.onesignal:OneSignal:3.9.1] AndroidManifest.xml:43:5-73
63-->[com.onesignal:OneSignal:3.9.1] AndroidManifest.xml:43:22-70
64    <uses-permission android:name="com.oppo.launcher.permission.READ_SETTINGS" />
64-->[com.onesignal:OneSignal:3.9.1] AndroidManifest.xml:44:5-82
64-->[com.onesignal:OneSignal:3.9.1] AndroidManifest.xml:44:22-79
65    <uses-permission android:name="com.oppo.launcher.permission.WRITE_SETTINGS" /> <!-- EvMe -->
65-->[com.onesignal:OneSignal:3.9.1] AndroidManifest.xml:45:5-83
65-->[com.onesignal:OneSignal:3.9.1] AndroidManifest.xml:45:22-80
66    <uses-permission android:name="me.everything.badger.permission.BADGE_COUNT_READ" />
66-->[com.onesignal:OneSignal:3.9.1] AndroidManifest.xml:46:5-88
66-->[com.onesignal:OneSignal:3.9.1] AndroidManifest.xml:46:22-85
67    <uses-permission android:name="me.everything.badger.permission.BADGE_COUNT_WRITE" />
67-->[com.onesignal:OneSignal:3.9.1] AndroidManifest.xml:47:5-89
67-->[com.onesignal:OneSignal:3.9.1] AndroidManifest.xml:47:22-86
68
69    <uses-feature
69-->[com.google.android.gms:play-services-maps:17.0.0] AndroidManifest.xml:26:5-28:35
70        android:glEsVersion="0x00020000"
70-->[com.google.android.gms:play-services-maps:17.0.0] AndroidManifest.xml:27:9-41
71        android:required="true" />
71-->[com.google.android.gms:play-services-maps:17.0.0] AndroidManifest.xml:28:9-32
72
73    <uses-permission android:name="android.permission.CHANGE_WIFI_STATE" />
73-->[am.appwise.components:NoInternetDialog:1.1.3] AndroidManifest.xml:14:5-76
73-->[am.appwise.components:NoInternetDialog:1.1.3] AndroidManifest.xml:14:22-73
74    <uses-permission android:name="com.google.android.finsky.permission.BIND_GET_INSTALL_REFERRER_SERVICE" />
74-->[com.google.android.gms:play-services-measurement:17.0.0] AndroidManifest.xml:26:5-110
74-->[com.google.android.gms:play-services-measurement:17.0.0] AndroidManifest.xml:26:22-107
75
76    <uses-feature
76-->[io.card:android-sdk:5.5.1] AndroidManifest.xml:12:5-14:36
77        android:name="android.hardware.camera"
77-->[io.card:android-sdk:5.5.1] AndroidManifest.xml:13:9-47
78        android:required="false" />
78-->[io.card:android-sdk:5.5.1] AndroidManifest.xml:14:9-33
79    <uses-feature
79-->[io.card:android-sdk:5.5.1] AndroidManifest.xml:15:5-17:36
80        android:name="android.hardware.camera.autofocus"
80-->[io.card:android-sdk:5.5.1] AndroidManifest.xml:16:9-57
81        android:required="false" />
81-->[io.card:android-sdk:5.5.1] AndroidManifest.xml:17:9-33
82
83    <application
83-->src\main\AndroidManifest.xml:27:5-178:19
84        android:name="com.themescoder.androidstore.app.App"
84-->src\main\AndroidManifest.xml:28:9-60
85        android:allowBackup="false"
85-->src\main\AndroidManifest.xml:29:9-36
86        android:appComponentFactory="androidx.core.app.CoreComponentFactory"
86-->[androidx.core:core:1.0.1] AndroidManifest.xml:22:18-86
87        android:debuggable="true"
88        android:fullBackupContent="false"
88-->src\main\AndroidManifest.xml:30:9-42
89        android:hardwareAccelerated="true"
89-->src\main\AndroidManifest.xml:35:9-43
90        android:icon="@mipmap/ic_launcher_foreground"
90-->src\main\AndroidManifest.xml:31:9-54
91        android:label="@string/app_name"
91-->src\main\AndroidManifest.xml:32:9-41
92        android:supportsRtl="true"
92-->src\main\AndroidManifest.xml:33:9-35
93        android:theme="@style/AppTheme"
93-->src\main\AndroidManifest.xml:34:9-40
94        android:usesCleartextTraffic="true"
94-->src\main\AndroidManifest.xml:36:9-44
95        android:windowSoftInputMode="adjustPan" >
95-->[com.payumoney.core:payumoney-sdk:7.6.0] AndroidManifest.xml:30:9-48
96        <meta-data
96-->src\main\AndroidManifest.xml:41:9-43:55
97            android:name="com.facebook.sdk.ApplicationId"
97-->src\main\AndroidManifest.xml:42:13-58
98            android:value="@string/facebook_app_id" />
98-->src\main\AndroidManifest.xml:43:13-52
99        <!--
100            <meta-data
101            android:name="com.google.android.maps.v2.API_KEY"
102            android:value="@string/google_api_app_id" />
103        -->
104
105
106        <!-- Editted by saud. above meta data tag does not works with place picker api. -->
107        <meta-data
107-->src\main\AndroidManifest.xml:49:9-51:56
108            android:name="com.google.android.geo.API_KEY"
108-->src\main\AndroidManifest.xml:50:13-58
109            android:value="@string/google_api_app_id" />
109-->src\main\AndroidManifest.xml:51:13-54
110        <!-- Editted by saud -->
111
112        <meta-data
112-->src\main\AndroidManifest.xml:54:9-56:52
113            android:name="com.google.firebase.messaging.default_notification_icon"
113-->src\main\AndroidManifest.xml:55:13-83
114            android:resource="@drawable/ic_logo" />
114-->src\main\AndroidManifest.xml:56:13-49
115        <!--
116            <meta-data
117            android:name="com.google.android.gms.ads.APPLICATION_ID"
118            android:value="@string/addmob_AppID" />
119        -->
120        <meta-data
120-->src\main\AndroidManifest.xml:60:9-62:58
121            android:name="instamojo.orderauth.url"
121-->src\main\AndroidManifest.xml:61:13-51
122            android:value="@string/instamojo_file_url" />
122-->src\main\AndroidManifest.xml:62:13-55
123
124        <!-- Razor Pay API_KEY -->
125        <!--
126            <meta-data
127            android:name="com.razorpay.ApiKey"
128            android:value="@string/razor_api_key"
129            />
130        -->
131
132        <provider
133            android:name="androidx.core.content.FileProvider"
133-->src\main\AndroidManifest.xml:72:13-62
134            android:authorities="com.themescoder.androidstore.provider"
134-->src\main\AndroidManifest.xml:73:13-60
135            android:exported="false"
135-->src\main\AndroidManifest.xml:74:13-37
136            android:grantUriPermissions="true" >
136-->src\main\AndroidManifest.xml:75:13-47
137            <meta-data
137-->src\main\AndroidManifest.xml:76:13-78:58
138                android:name="android.support.FILE_PROVIDER_PATHS"
138-->src\main\AndroidManifest.xml:77:17-67
139                android:resource="@xml/provider_paths" />
139-->src\main\AndroidManifest.xml:78:17-55
140        </provider>
141
142        <activity
142-->src\main\AndroidManifest.xml:82:9-94:20
143            android:name="com.themescoder.androidstore.activities.SplashScreen"
143-->src\main\AndroidManifest.xml:83:13-80
144            android:exported="true"
144-->src\main\AndroidManifest.xml:84:13-36
145            android:launchMode="singleTask"
145-->src\main\AndroidManifest.xml:85:13-44
146            android:screenOrientation="portrait"
146-->src\main\AndroidManifest.xml:86:13-49
147            android:theme="@style/MySplashScreen" >
147-->src\main\AndroidManifest.xml:88:13-50
148            <intent-filter>
148-->src\main\AndroidManifest.xml:90:13-93:29
149                <action android:name="android.intent.action.MAIN" />
149-->src\main\AndroidManifest.xml:91:17-69
149-->src\main\AndroidManifest.xml:91:25-66
150
151                <category android:name="android.intent.category.LAUNCHER" />
151-->src\main\AndroidManifest.xml:92:17-77
151-->src\main\AndroidManifest.xml:92:27-74
152            </intent-filter>
153        </activity>
154
155        <!-- <activity android:name="com.themescoder.androidstore.activities.SplashScreen" /> -->
156
157        <activity
157-->src\main\AndroidManifest.xml:98:9-112:20
158            android:name="com.themescoder.androidstore.activities.MainActivity"
158-->src\main\AndroidManifest.xml:99:13-80
159            android:exported="true"
159-->src\main\AndroidManifest.xml:100:13-36
160            android:launchMode="singleTask"
160-->src\main\AndroidManifest.xml:101:13-44
161            android:screenOrientation="portrait"
161-->src\main\AndroidManifest.xml:102:13-49
162            android:windowSoftInputMode="adjustResize" >
162-->src\main\AndroidManifest.xml:104:13-55
163            <intent-filter>
163-->src\main\AndroidManifest.xml:106:13-111:29
164                <action android:name="android.intent.action.MAIN" />
164-->src\main\AndroidManifest.xml:91:17-69
164-->src\main\AndroidManifest.xml:91:25-66
165                <action android:name="android.intent.action.SEARCH" />
165-->src\main\AndroidManifest.xml:108:17-71
165-->src\main\AndroidManifest.xml:108:25-68
166
167                <category android:name="android.intent.category.DEFAULT" />
167-->src\main\AndroidManifest.xml:110:17-76
167-->src\main\AndroidManifest.xml:110:27-73
168            </intent-filter>
169        </activity>
170        <activity
170-->src\main\AndroidManifest.xml:114:9-119:58
171            android:name="com.themescoder.androidstore.activities.Login"
171-->src\main\AndroidManifest.xml:115:13-73
172            android:label=".activities.Login"
172-->src\main\AndroidManifest.xml:116:13-46
173            android:screenOrientation="portrait"
173-->src\main\AndroidManifest.xml:117:13-49
174            android:windowSoftInputMode="adjustResize" />
174-->src\main\AndroidManifest.xml:119:13-55
175        <activity
175-->src\main\AndroidManifest.xml:121:9-126:56
176            android:name="com.themescoder.androidstore.activities.Signup"
176-->src\main\AndroidManifest.xml:122:13-74
177            android:label=".activities.Signup"
177-->src\main\AndroidManifest.xml:123:13-47
178            android:screenOrientation="portrait"
178-->src\main\AndroidManifest.xml:124:13-49
179            android:windowSoftInputMode="adjustResize" />
179-->src\main\AndroidManifest.xml:125:13-55
180        <activity android:name="com.themescoder.androidstore.Maps.MapActivity" />
180-->src\main\AndroidManifest.xml:129:9-81
180-->src\main\AndroidManifest.xml:129:19-79
181        <activity android:name="com.themescoder.androidstore.activities.Order_Tracking_Activity" />
181-->src\main\AndroidManifest.xml:131:9-72
181-->src\main\AndroidManifest.xml:131:19-69
182
183        <!-- Facebook Activity -->
184
185        <activity
185-->src\main\AndroidManifest.xml:135:9-138:48
186            android:name="com.facebook.FacebookActivity"
186-->src\main\AndroidManifest.xml:136:13-57
187            android:configChanges="keyboard|keyboardHidden|screenLayout|screenSize|orientation"
187-->src\main\AndroidManifest.xml:137:13-96
188            android:label="@string/app_name"
188-->src\main\AndroidManifest.xml:138:13-45
189            android:theme="@style/com_facebook_activity_theme" />
189-->[com.facebook.android:facebook-common:4.42.0] AndroidManifest.xml:32:13-63
190
191        <!-- Braintree Activity -->
192
193        <activity
193-->src\main\AndroidManifest.xml:142:9-152:20
194            android:name="com.braintreepayments.api.BraintreeBrowserSwitchActivity"
194-->src\main\AndroidManifest.xml:143:13-84
195            android:launchMode="singleTask" >
195-->src\main\AndroidManifest.xml:144:13-44
196            <intent-filter>
196-->src\main\AndroidManifest.xml:145:13-151:29
197                <action android:name="android.intent.action.VIEW" />
197-->src\main\AndroidManifest.xml:146:17-69
197-->src\main\AndroidManifest.xml:146:25-66
198
199                <data android:scheme="com.themescoder.androidstore.braintree" />
199-->src\main\AndroidManifest.xml:147:23-66
200
201                <category android:name="android.intent.category.DEFAULT" />
201-->src\main\AndroidManifest.xml:110:17-76
201-->src\main\AndroidManifest.xml:110:27-73
202                <category android:name="android.intent.category.BROWSABLE" />
202-->src\main\AndroidManifest.xml:150:17-78
202-->src\main\AndroidManifest.xml:150:27-75
203            </intent-filter>
204        </activity>
205
206        <!-- Scheduled Notifications -->
207
208        <receiver
208-->src\main\AndroidManifest.xml:157:9-166:20
209            android:name="com.themescoder.androidstore.receivers.AlarmReceiver"
209-->src\main\AndroidManifest.xml:158:13-80
210            android:enabled="false" >
210-->src\main\AndroidManifest.xml:159:13-36
211            <intent-filter>
211-->src\main\AndroidManifest.xml:160:13-165:29
212                <category android:name="android.intent.category.APP_MARKET" />
212-->src\main\AndroidManifest.xml:161:17-79
212-->src\main\AndroidManifest.xml:161:27-76
213
214                <action android:name="android.intent.action.BOOT_COMPLETED" />
214-->src\main\AndroidManifest.xml:163:17-79
214-->src\main\AndroidManifest.xml:163:25-76
215                <action android:name="android.media.action.DISPLAY_NOTIFICATION" />
215-->src\main\AndroidManifest.xml:164:17-84
215-->src\main\AndroidManifest.xml:164:25-81
216            </intent-filter>
217        </receiver>
218
219        <!-- Firebase Notifications -->
220
221        <service android:name="com.themescoder.androidstore.services.MyFirebaseInstanceIDService" >
221-->src\main\AndroidManifest.xml:171:9-175:19
221-->src\main\AndroidManifest.xml:171:18-98
222            <intent-filter>
222-->src\main\AndroidManifest.xml:172:13-174:29
223                <action android:name="com.google.firebase.INSTANCE_ID_EVENT" />
223-->src\main\AndroidManifest.xml:173:17-80
223-->src\main\AndroidManifest.xml:173:25-77
224            </intent-filter>
225        </service>
226
227        <activity
227-->[com.braintreepayments.api:drop-in:3.7.1] AndroidManifest.xml:18:9-20:62
228            android:name="com.braintreepayments.api.threedsecure.ThreeDSecureWebViewActivity"
228-->[com.braintreepayments.api:drop-in:3.7.1] AndroidManifest.xml:19:13-94
229            android:theme="@style/bt_three_d_secure_theme" />
229-->[com.braintreepayments.api:drop-in:3.7.1] AndroidManifest.xml:20:13-59
230        <activity
230-->[com.braintreepayments.api:drop-in:3.7.1] AndroidManifest.xml:21:9-23:64
231            android:name="com.braintreepayments.api.dropin.DropInActivity"
231-->[com.braintreepayments.api:drop-in:3.7.1] AndroidManifest.xml:22:13-75
232            android:theme="@style/bt_drop_in_activity_theme" />
232-->[com.braintreepayments.api:drop-in:3.7.1] AndroidManifest.xml:23:13-61
233        <activity
233-->[com.braintreepayments.api:drop-in:3.7.1] AndroidManifest.xml:24:9-26:65
234            android:name="com.braintreepayments.api.dropin.AddCardActivity"
234-->[com.braintreepayments.api:drop-in:3.7.1] AndroidManifest.xml:25:13-76
235            android:theme="@style/bt_add_card_activity_theme" />
235-->[com.braintreepayments.api:drop-in:3.7.1] AndroidManifest.xml:26:13-62
236        <activity
236-->[com.braintreepayments.api:drop-in:3.7.1] AndroidManifest.xml:27:9-29:70
237            android:name="com.braintreepayments.api.dropin.VaultManagerActivity"
237-->[com.braintreepayments.api:drop-in:3.7.1] AndroidManifest.xml:28:13-81
238            android:theme="@style/bt_vault_manager_activity_theme" />
238-->[com.braintreepayments.api:drop-in:3.7.1] AndroidManifest.xml:29:13-67
239        <activity
239-->[com.payumoney.sdkui:plug-n-play:1.6.0] AndroidManifest.xml:19:9-24:55
240            android:name="com.payumoney.sdkui.ui.activities.PayUmoneyActivity"
240-->[com.payumoney.sdkui:plug-n-play:1.6.0] AndroidManifest.xml:20:13-79
241            android:label="@string/title_activity_citrus"
241-->[com.payumoney.sdkui:plug-n-play:1.6.0] AndroidManifest.xml:21:13-58
242            android:screenOrientation="portrait"
242-->[com.payumoney.sdkui:plug-n-play:1.6.0] AndroidManifest.xml:22:13-49
243            android:theme="@style/PayumoneyAppTheme"
243-->[com.payumoney.sdkui:plug-n-play:1.6.0] AndroidManifest.xml:23:13-53
244            android:windowSoftInputMode="adjustPan" />
244-->[com.payumoney.sdkui:plug-n-play:1.6.0] AndroidManifest.xml:24:13-52
245        <activity
245-->[com.payumoney.sdkui:plug-n-play:1.6.0] AndroidManifest.xml:25:9-28:56
246            android:name="com.payumoney.sdkui.ui.activities.ReviewOrderActivity"
246-->[com.payumoney.sdkui:plug-n-play:1.6.0] AndroidManifest.xml:26:13-81
247            android:screenOrientation="portrait"
247-->[com.payumoney.sdkui:plug-n-play:1.6.0] AndroidManifest.xml:27:13-49
248            android:theme="@style/PayumoneyAppTheme" />
248-->[com.payumoney.sdkui:plug-n-play:1.6.0] AndroidManifest.xml:28:13-53
249        <activity
249-->[com.payumoney.core:payumoney-sdk:7.6.0] AndroidManifest.xml:31:9-34:72
250            android:name="com.payumoney.core.SdkWebViewActivityNew"
250-->[com.payumoney.core:payumoney-sdk:7.6.0] AndroidManifest.xml:32:13-68
251            android:screenOrientation="portrait"
251-->[com.payumoney.core:payumoney-sdk:7.6.0] AndroidManifest.xml:33:13-49
252            android:theme="@style/Theme.AppCompat.Light.NoActionBar" />
252-->[com.payumoney.core:payumoney-sdk:7.6.0] AndroidManifest.xml:34:13-69
253        <activity
253-->[com.payumoney.core:payumoney-sdk:7.6.0] AndroidManifest.xml:35:9-40:59
254            android:name="com.payu.custombrowser.CBActivity"
254-->[com.payumoney.core:payumoney-sdk:7.6.0] AndroidManifest.xml:36:13-61
255            android:screenOrientation="portrait"
255-->[com.payumoney.core:payumoney-sdk:7.6.0] AndroidManifest.xml:37:13-49
256            android:theme="@style/Theme.AppCompat"
256-->[com.payumoney.core:payumoney-sdk:7.6.0] AndroidManifest.xml:38:13-51
257            android:windowSoftInputMode="stateAlwaysHidden" />
257-->[com.payumoney.core:payumoney-sdk:7.6.0] AndroidManifest.xml:39:13-60
258        <activity android:name="instamojo.library.Instamojo" >
258-->[ai.devsupport.instamojo:instamojolib:0.1.6] AndroidManifest.xml:14:9-15:20
258-->[ai.devsupport.instamojo:instamojolib:0.1.6] AndroidManifest.xml:14:19-61
259        </activity> <!-- Autocomplete -->
260        <activity
260-->[com.google.android.libraries.places:places:1.1.0] AndroidManifest.xml:16:9-23:20
261            android:name="com.google.android.libraries.places.widget.AutocompleteActivity"
261-->[com.google.android.libraries.places:places:1.1.0] AndroidManifest.xml:17:13-91
262            android:exported="false"
262-->[com.google.android.libraries.places:places:1.1.0] AndroidManifest.xml:18:13-37
263            android:hardwareAccelerated="true"
263-->[com.google.android.libraries.places:places:1.1.0] AndroidManifest.xml:19:13-47
264            android:label="@string/places_autocomplete_label"
264-->[com.google.android.libraries.places:places:1.1.0] AndroidManifest.xml:20:13-62
265            android:theme="@style/PlacesAutocompleteThemeOverlay"
265-->[com.google.android.libraries.places:places:1.1.0] AndroidManifest.xml:21:13-66
266            android:windowSoftInputMode="stateAlwaysVisible|adjustPan" >
266-->[com.google.android.libraries.places:places:1.1.0] AndroidManifest.xml:22:13-71
267        </activity>
268        <activity
268-->[com.instamojo:android-sdk:1.2.6] AndroidManifest.xml:15:9-26:20
269            android:name="com.instamojo.android.activities.PaymentDetailsActivity"
269-->[com.instamojo:android-sdk:1.2.6] AndroidManifest.xml:16:13-83
270            android:screenOrientation="portrait"
270-->[com.instamojo:android-sdk:1.2.6] AndroidManifest.xml:17:13-49
271            android:theme="@style/SdkTheme" >
271-->[com.instamojo:android-sdk:1.2.6] AndroidManifest.xml:18:13-44
272            <meta-data
272-->[com.instamojo:android-sdk:1.2.6] AndroidManifest.xml:19:13-21:54
273                android:name="android.app.searchable"
273-->[com.instamojo:android-sdk:1.2.6] AndroidManifest.xml:20:17-54
274                android:resource="@xml/searchable" />
274-->[com.instamojo:android-sdk:1.2.6] AndroidManifest.xml:21:17-51
275
276            <intent-filter>
276-->[com.instamojo:android-sdk:1.2.6] AndroidManifest.xml:23:13-25:29
277                <action android:name="android.intent.action.SEARCH" />
277-->src\main\AndroidManifest.xml:108:17-71
277-->src\main\AndroidManifest.xml:108:25-68
278            </intent-filter>
279        </activity>
280        <activity
280-->[com.instamojo:android-sdk:1.2.6] AndroidManifest.xml:27:9-33:58
281            android:name="com.instamojo.android.activities.PaymentActivity"
281-->[com.instamojo:android-sdk:1.2.6] AndroidManifest.xml:28:13-76
282            android:hardwareAccelerated="true"
282-->[com.instamojo:android-sdk:1.2.6] AndroidManifest.xml:29:13-47
283            android:label="Payment"
283-->[com.instamojo:android-sdk:1.2.6] AndroidManifest.xml:30:13-36
284            android:screenOrientation="portrait"
284-->[com.instamojo:android-sdk:1.2.6] AndroidManifest.xml:31:13-49
285            android:theme="@style/SdkTheme"
285-->[com.instamojo:android-sdk:1.2.6] AndroidManifest.xml:32:13-44
286            android:windowSoftInputMode="adjustResize" />
286-->[com.instamojo:android-sdk:1.2.6] AndroidManifest.xml:33:13-55
287        <activity android:name="com.facebook.CustomTabMainActivity" />
287-->[com.facebook.android:facebook-common:4.42.0] AndroidManifest.xml:33:9-71
287-->[com.facebook.android:facebook-common:4.42.0] AndroidManifest.xml:33:19-68
288        <activity android:name="com.facebook.CustomTabActivity" />
288-->[com.facebook.android:facebook-common:4.42.0] AndroidManifest.xml:34:9-67
288-->[com.facebook.android:facebook-common:4.42.0] AndroidManifest.xml:34:19-64
289
290        <service android:name="com.payu.custombrowser.services.SnoozeService" />
290-->[com.payu.custombrowser:payu-custom-browser:7.5.1] AndroidManifest.xml:23:9-81
290-->[com.payu.custombrowser:payu-custom-browser:7.5.1] AndroidManifest.xml:23:18-78
291
292        <activity android:name="com.payu.custombrowser.PreLollipopPaymentsActivity" >
292-->[com.payu.custombrowser:payu-custom-browser:7.5.1] AndroidManifest.xml:25:9-42:20
292-->[com.payu.custombrowser:payu-custom-browser:7.5.1] AndroidManifest.xml:25:19-84
293            <intent-filter>
293-->[com.payu.custombrowser:payu-custom-browser:7.5.1] AndroidManifest.xml:26:13-33:29
294                <data android:scheme="com.themescoder.androidstore.success" />
294-->src\main\AndroidManifest.xml:147:23-66
295
296                <action android:name="android.intent.action.VIEW" />
296-->src\main\AndroidManifest.xml:146:17-69
296-->src\main\AndroidManifest.xml:146:25-66
297
298                <category android:name="android.intent.category.DEFAULT" />
298-->src\main\AndroidManifest.xml:110:17-76
298-->src\main\AndroidManifest.xml:110:27-73
299                <category android:name="android.intent.category.BROWSABLE" />
299-->src\main\AndroidManifest.xml:150:17-78
299-->src\main\AndroidManifest.xml:150:27-75
300            </intent-filter>